9:15:09 PM  [main] 	Initializing Control Panel
9:15:09 PM  [main] 	Windows Version:  Enterprise  64-bit
9:15:09 PM  [main] 	XAMPP Version: 7.4.2
9:15:09 PM  [main] 	Control Panel Version: 3.2.4  [ Compiled: Jun 5th 2019 ]
9:15:09 PM  [main] 	You are not running with administrator rights! This will work for
9:15:09 PM  [main] 	most application stuff but whenever you do something with services
9:15:09 PM  [main] 	there will be a security dialogue or things will break! So think 
9:15:09 PM  [main] 	about running this application with administrator rights!
9:15:09 PM  [main] 	XAMPP Installation Directory: "c:\xampp\"
9:15:09 PM  [main] 	Checking for prerequisites
9:15:10 PM  [main] 	All prerequisites found
9:15:10 PM  [main] 	Initializing Modules
9:15:10 PM  [main] 	Starting Check-Timer
9:15:10 PM  [main] 	Control Panel Ready
9:15:14 PM  [Apache] 	Attempting to start Apache app...
9:15:14 PM  [Apache] 	Status change detected: running
9:15:16 PM  [mysql] 	Attempting to start MySQL app...
9:15:17 PM  [mysql] 	Status change detected: running
9:15:37 PM  [Apache] 	Attempting to stop Apache (PID: 21552)
9:15:37 PM  [Apache] 	Attempting to stop Apache (PID: 5604)
9:15:38 PM  [Apache] 	Status change detected: stopped
9:15:38 PM  [mysql] 	Attempting to stop MySQL app...
9:15:39 PM  [mysql] 	Status change detected: stopped
9:16:16 PM  [Apache] 	Attempting to start Apache app...
9:16:16 PM  [Apache] 	Status change detected: running
9:16:21 PM  [mysql] 	Attempting to start MySQL app...
9:16:21 PM  [mysql] 	Status change detected: running
9:49:54 PM  [Apache] 	Attempting to stop Apache (PID: 22376)
9:49:54 PM  [Apache] 	Attempting to stop Apache (PID: 22280)
9:49:54 PM  [Apache] 	Status change detected: stopped
9:49:55 PM  [mysql] 	Attempting to stop MySQL app...
9:49:55 PM  [mysql] 	Status change detected: stopped
9:50:13 PM  [Apache] 	Attempting to start Apache app...
9:50:13 PM  [Apache] 	Status change detected: running
9:50:25 PM  [mysql] 	Attempting to start MySQL app...
9:50:26 PM  [mysql] 	Status change detected: running
9:50:50 PM  [filezilla] 	Attempting to start FileZilla app...
9:50:50 PM  [filezilla] 	Status change detected: running
9:51:03 PM  [filezilla] 	Attempting to stop FileZilla app...
9:51:03 PM  [filezilla] 	Status change detected: stopped
9:51:08 PM  [main] 	Executing "services.msc"
9:53:08 PM  [Apache] 	Attempting to stop Apache (PID: 21932)
9:53:08 PM  [Apache] 	Attempting to stop Apache (PID: 4004)
9:53:08 PM  [Apache] 	Status change detected: stopped
9:53:11 PM  [mysql] 	Attempting to stop MySQL app...
9:53:11 PM  [mysql] 	Status change detected: stopped
9:53:13 PM  [Apache] 	Attempting to start Apache app...
9:53:13 PM  [Apache] 	Status change detected: running
9:53:15 PM  [mysql] 	Attempting to start MySQL app...
9:53:15 PM  [mysql] 	Status change detected: running
10:06:50 PM  [Apache] 	Attempting to stop Apache (PID: 13504)
10:06:50 PM  [Apache] 	Attempting to stop Apache (PID: 3744)
10:06:51 PM  [Apache] 	Status change detected: stopped
10:06:52 PM  [mysql] 	Attempting to stop MySQL app...
10:06:53 PM  [mysql] 	Status change detected: stopped
10:06:56 PM  [Apache] 	Attempting to start Apache app...
10:06:56 PM  [Apache] 	Status change detected: running
10:06:57 PM  [mysql] 	Attempting to start MySQL app...
10:06:57 PM  [mysql] 	Status change detected: running
10:07:49 PM  [Apache] 	Attempting to stop Apache (PID: 15804)
10:07:49 PM  [Apache] 	Attempting to stop Apache (PID: 15904)
10:07:49 PM  [Apache] 	Status change detected: stopped
10:07:50 PM  [mysql] 	Attempting to stop MySQL app...
10:07:51 PM  [mysql] 	Status change detected: stopped
10:08:12 PM  [Apache] 	Attempting to start Apache app...
10:08:12 PM  [Apache] 	Status change detected: running
10:08:14 PM  [mysql] 	Attempting to start MySQL app...
10:08:14 PM  [mysql] 	Status change detected: running
10:09:52 PM  [Apache] 	Attempting to stop Apache (PID: 14616)
10:09:52 PM  [Apache] 	Attempting to stop Apache (PID: 22736)
10:09:53 PM  [Apache] 	Status change detected: stopped
10:09:53 PM  [mysql] 	Attempting to stop MySQL app...
10:09:54 PM  [mysql] 	Status change detected: stopped
10:09:55 PM  [Apache] 	Problem detected!
10:09:55 PM  [Apache] 	Port 80 in use by "Unable to get info" with PID 14616!
10:09:55 PM  [Apache] 	Apache WILL NOT start without the configured ports free!
10:09:55 PM  [Apache] 	You need to uninstall/disable/reconfigure the blocking application
10:09:55 PM  [Apache] 	or reconfigure Apache and the Control Panel to listen on a different port
10:09:55 PM  [Apache] 	Attempting to start Apache app...
10:09:56 PM  [Apache] 	Status change detected: running
10:10:00 PM  [mysql] 	Attempting to start MySQL app...
10:10:01 PM  [mysql] 	Status change detected: running
11:27:25 PM  [Apache] 	Attempting to stop Apache (PID: 9872)
11:27:26 PM  [Apache] 	Attempting to stop Apache (PID: 14012)
11:27:26 PM  [Apache] 	Status change detected: stopped
11:27:27 PM  [mysql] 	Attempting to stop MySQL app...
11:27:27 PM  [mysql] 	Status change detected: stopped
11:27:31 PM  [Apache] 	Attempting to start Apache app...
11:27:31 PM  [Apache] 	Status change detected: running
11:27:32 PM  [mysql] 	Attempting to start MySQL app...
11:27:32 PM  [mysql] 	Status change detected: running
12:01:42 AM  [Apache] 	Attempting to stop Apache (PID: 19880)
12:01:42 AM  [Apache] 	Attempting to stop Apache (PID: 11920)
12:01:42 AM  [Apache] 	Status change detected: stopped
12:01:43 AM  [Apache] 	Attempting to start Apache app...
12:01:43 AM  [Apache] 	Status change detected: running
12:01:44 AM  [mysql] 	Attempting to stop MySQL app...
12:01:44 AM  [mysql] 	Status change detected: stopped
12:01:48 AM  [mysql] 	Attempting to start MySQL app...
12:01:48 AM  [mysql] 	Status change detected: running
10:04:12 AM  [Apache] 	Attempting to stop Apache (PID: 22200)
10:04:12 AM  [Apache] 	Attempting to stop Apache (PID: 14136)
10:04:12 AM  [Apache] 	Status change detected: stopped
10:04:13 AM  [mysql] 	Attempting to stop MySQL app...
10:04:13 AM  [mysql] 	Status change detected: stopped
11:23:45 AM  [Apache] 	Attempting to start Apache app...
11:23:45 AM  [Apache] 	Status change detected: running
11:23:47 AM  [mysql] 	Attempting to start MySQL app...
11:23:47 AM  [mysql] 	Status change detected: running
11:24:10 AM  [Apache] 	Attempting to stop Apache (PID: 20864)
11:24:10 AM  [Apache] 	Attempting to stop Apache (PID: 1000)
11:24:10 AM  [Apache] 	Status change detected: stopped
11:24:11 AM  [mysql] 	Attempting to stop MySQL app...
11:24:11 AM  [mysql] 	Status change detected: stopped
11:25:01 AM  [Apache] 	Attempting to start Apache app...
11:25:01 AM  [Apache] 	Status change detected: running
11:25:02 AM  [mysql] 	Attempting to start MySQL app...
11:25:02 AM  [mysql] 	Status change detected: running
8:14:15 PM  [Apache] 	Attempting to stop Apache (PID: 19352)
8:14:15 PM  [Apache] 	Attempting to stop Apache (PID: 2064)
8:14:15 PM  [Apache] 	Status change detected: stopped
8:14:16 PM  [mysql] 	Attempting to stop MySQL app...
8:14:16 PM  [mysql] 	Status change detected: stopped
7:03:02 PM  [main] 	Deinitializing Modules
7:03:02 PM  [main] 	Deinitializing Control Panel

7:27:07 PM  [main] 	Initializing Control Panel
7:27:07 PM  [main] 	Windows Version:  Enterprise  64-bit
7:27:07 PM  [main] 	XAMPP Version: 7.4.2
7:27:07 PM  [main] 	Control Panel Version: 3.2.4  [ Compiled: Jun 5th 2019 ]
7:27:07 PM  [main] 	You are not running with administrator rights! This will work for
7:27:07 PM  [main] 	most application stuff but whenever you do something with services
7:27:07 PM  [main] 	there will be a security dialogue or things will break! So think 
7:27:07 PM  [main] 	about running this application with administrator rights!
7:27:07 PM  [main] 	XAMPP Installation Directory: "c:\xampp\"
7:27:08 PM  [main] 	Checking for prerequisites
7:27:13 PM  [main] 	All prerequisites found
7:27:13 PM  [main] 	Initializing Modules
7:27:13 PM  [mysql] 	XAMPP MySQL is already running on port 3306
7:27:13 PM  [main] 	Starting Check-Timer
7:27:13 PM  [main] 	Control Panel Ready
7:27:24 PM  [Apache] 	Attempting to start Apache app...
7:27:25 PM  [Apache] 	Status change detected: running
1:45:08 PM  [main] 	Deinitializing Modules
1:45:08 PM  [main] 	Deinitializing Control Panel

